<?xml version="1.0" encoding="UTF-8"?>
<!-- Generated by org.testng.reporters.JUnitReportReporter -->
<testsuite skipped="0" hostname="LAPTOP-3QC3HN03" name="com.airs.testCases.loginPageTCs" tests="1" failures="0" timestamp="14 Mar 2020 10:38:22 GMT" time="18.659" errors="0">
  <testcase name="loginTestCase1" time="18.659" classname="com.airs.testCases.loginPageTCs"/>
</testsuite> <!-- com.airs.testCases.loginPageTCs -->
